<?xml version="1.0" encoding="UTF-8"?>
<!-- Generated by org.testng.reporters.JUnitReportReporter -->
<testsuite hostname="LAPTOP-AHR2CD7I" failures="0" tests="1" name="demo.Amazon" time="22.751" errors="0" timestamp="2023-07-18T16:10:47 IST" skipped="0">
  <testcase classname="demo.Amazon" name="amazon" time="22.751"/>
</testsuite> <!-- demo.Amazon -->
