<?xml version="1.0" encoding="UTF-8"?>
<!-- Generated by org.testng.reporters.JUnitReportReporter -->
<testsuite hostname="LAPTOP-AHR2CD7I" failures="0" tests="1" name="demo.Amazon" time="8.635" errors="0" timestamp="2023-07-19T10:50:56 IST" skipped="0">
  <testcase classname="demo.Amazon" name="amazon" time="8.635"/>
</testsuite> <!-- demo.Amazon -->
