<?xml version="1.0" encoding="UTF-8"?>
<!-- Generated by org.testng.reporters.JUnitReportReporter -->
<testsuite hostname="LAPTOP-AHR2CD7I" failures="0" tests="1" name="demo.ajio" time="9.945" errors="0" timestamp="2023-07-19T10:50:56 IST" skipped="0">
  <testcase classname="demo.ajio" name="ajio" time="9.945"/>
</testsuite> <!-- demo.ajio -->
