<?xml version="1.0" encoding="UTF-8"?>
<!-- Generated by org.testng.reporters.JUnitReportReporter -->
<testsuite hostname="LAPTOP-AHR2CD7I" failures="0" tests="1" name="demo.flipkart" time="4.855" errors="0" timestamp="2023-07-19T10:50:56 IST" skipped="0">
  <testcase classname="demo.flipkart" name="flipkart" time="4.855"/>
</testsuite> <!-- demo.flipkart -->
